#
# A fatal error has been detected by the Java Runtime Environment:
#
#  EXCEPTION_ACCESS_VIOLATION (0xc0000005) at pc=0x00007ff84fb407d3, pid=13252, tid=11716
#
# JRE version: OpenJDK Runtime Environment (11.0.2+9) (build 11.0.2+9)
# Java VM: OpenJDK 64-Bit Server VM (11.0.2+9, mixed mode, tiered, compressed oops, g1 gc, windows-amd64)
# Problematic frame:
# C  [ntdll.dll+0x407d3]
#
# No core dump will be written. Minidumps are not enabled by default on client versions of Windows
#
# If you would like to submit a bug report, please visit:
#   http://bugreport.java.com/bugreport/crash.jsp
# The crash happened outside the Java Virtual Machine in native code.
# See problematic frame for where to report the bug.
#

---------------  S U M M A R Y ------------

Command Line: -Dfile.encoding=Cp1252 stocks.Main

Host: Intel(R) Core(TM) i5-2500K CPU @ 3.30GHz, 4 cores, 7G,  Windows 10 , 64 bit Build 18362 (10.0.18362.959)
Time: Sun Dec  6 23:37:26 2020 Västeuropa, normaltid elapsed time: 0 seconds (0d 0h 0m 0s)

---------------  T H R E A D  ---------------

Current thread (0x000001d769368000):  JavaThread "main" [_thread_in_native, id=11716, stack(0x0000005c77500000,0x0000005c77600000)]

Stack: [0x0000005c77500000,0x0000005c77600000],  sp=0x0000005c775fe070,  free space=1016k
Native frames: (J=compiled Java code, j=interpreted, Vv=VM code, C=native code)
C  [ntdll.dll+0x407d3]
C  [ntdll.dll+0x3fb91]
C  [jna16616162853076227101.dll+0x204ac]

Java frames: (J=compiled Java code, j=interpreted, Vv=VM code)
j  com.sun.jna.Native.registerMethod(Ljava/lang/Class;Ljava/lang/String;Ljava/lang/String;[I[J[JIJJLjava/lang/reflect/Method;JIZ[Lcom/sun/jna/ToNativeConverter;Lcom/sun/jna/FromNativeConverter;Ljava/lang/String;)J+0
j  com.sun.jna.Native.register(Ljava/lang/Class;Lcom/sun/jna/NativeLibrary;)V+1159
j  com.sun.jna.Native.register(Ljava/lang/Class;Ljava/lang/String;)V+17
j  com.sun.jna.Native.register(Ljava/lang/String;)V+7
j  stocks.Main$Kernel32.<clinit>()V+2
v  ~StubRoutines::call_stub
j  stocks.Main.main([Ljava/lang/String;)V+96
v  ~StubRoutines::call_stub

siginfo: EXCEPTION_ACCESS_VIOLATION (0xc0000005), reading address 0x000000000000001f


Register to memory mapping:

RIP=0x00007ff84fb407d3 ntdll.dll
RAX=0x000001d779ec4350 points into unknown readable memory: 00 00 00 00 00 00 00 00
RBX=0x000001d767970000 points into unknown readable memory: 00 00 00 00 00 00 00 00
RCX=0x000001d767970000 points into unknown readable memory: 00 00 00 00 00 00 00 00
RDX=0x0000000000000020 is an unknown value
RSP=0x0000005c775fe070 is pointing into the stack for thread: 0x000001d769368000
RBP=0x000001d767970000 points into unknown readable memory: 00 00 00 00 00 00 00 00
RSI=0x0000000000000020 is an unknown value
RDI=0x0 is NULL
R8 =0x0 is NULL
R9 =0x0 is NULL
R10=0x0000005c775fdc55 is pointing into the stack for thread: 0x000001d769368000
R11=0x0000005c775fe120 is pointing into the stack for thread: 0x000001d769368000
R12=0x0 is NULL
R13=0x0000000000000010 is an unknown value
R14=0x0000005c775fe850 is pointing into the stack for thread: 0x000001d769368000
R15=0x0 is NULL


Registers:
RAX=0x000001d779ec4350, RBX=0x000001d767970000, RCX=0x000001d767970000, RDX=0x0000000000000020
RSP=0x0000005c775fe070, RBP=0x000001d767970000, RSI=0x0000000000000020, RDI=0x0000000000000000
R8 =0x0000000000000000, R9 =0x0000000000000000, R10=0x0000005c775fdc55, R11=0x0000005c775fe120
R12=0x0000000000000000, R13=0x0000000000000010, R14=0x0000005c775fe850, R15=0x0000000000000000
RIP=0x00007ff84fb407d3, EFLAGS=0x0000000000010246

Top of Stack: (sp=0x0000005c775fe070)
0x0000005c775fe070:   000001d70000027c 00007ff8139fb83c
0x0000005c775fe080:   0000005c775fe280 00007ff813726199
0x0000005c775fe090:   0000000000000000 0000000000000000
0x0000005c775fe0a0:   000001d769368c68 0000005c775fdc01
0x0000005c775fe0b0:   000001d767999b30 00007ff8139fd62f
0x0000005c775fe0c0:   0000000000000000 0000005c775feda0
0x0000005c775fe0d0:   000001d769368000 0000000000000000
0x0000005c775fe0e0:   0000000000000000 00007ff813a2b1bd
0x0000005c775fe0f0:   000001d769368000 0000005c775fe850
0x0000005c775fe100:   000001d77949ab60 0000000000000000
0x0000005c775fe110:   0000000000000020 00007ff84fb3fb91
0x0000005c775fe120:   000001d769368000 000001d767970000
0x0000005c775fe130:   0000005c775fe7a0 0000000000000000
0x0000005c775fe140:   0000000000000000 00007ff82d3b5c4a
0x0000005c775fe150:   0000000000000188 00007ff82d3d04ac
0x0000005c775fe160:   000001d77949ab68 000001d7791de960 

Instructions: (pc=0x00007ff84fb407d3)
0x00007ff84fb407b3:   3c 24 48 8b cd e8 43 f4 ff ff 85 c0 0f 84 8c fc
0x00007ff84fb407c3:   ff ff e9 6e 5c 06 00 4c 8d 6a f0 41 0f 0d 4d 00
0x00007ff84fb407d3:   41 80 7d 0f 05 75 0c 41 0f b6 45 0e 48 c1 e0 04
0x00007ff84fb407e3:   4c 2b e8 41 f6 45 0f 3f 0f 85 6e ff ff ff 45 33 


Stack slot to memory mapping:
stack at sp + 0 slots: 0x000001d70000027c is at code_begin+-4 in 
[CodeBlob (0x000001d700000210)]
Framesize: 0
BufferBlob (0x000001d700000210) used for CodeCache Exception Handler
stack at sp + 1 slots: 0x00007ff8139fb83c jvm.dll
stack at sp + 2 slots: 0x0000005c775fe280 is pointing into the stack for thread: 0x000001d769368000
stack at sp + 3 slots: 0x00007ff813726199 jvm.dll
stack at sp + 4 slots: 0x0 is NULL
stack at sp + 5 slots: 0x0 is NULL
stack at sp + 6 slots: 0x000001d769368c68 points into unknown readable memory: c0 26 34 88 00 00 00 00
stack at sp + 7 slots: 0x0000005c775fdc01 is pointing into the stack for thread: 0x000001d769368000


---------------  P R O C E S S  ---------------

Threads class SMR info:
_java_thread_list=0x000001d7799abaf0, length=10, elements={
0x000001d769368000, 0x000001d778ec2000, 0x000001d778eed800, 0x000001d778efd000,
0x000001d778efe000, 0x000001d778f0b000, 0x000001d778f14000, 0x000001d778f1e000,
0x000001d7799ba800, 0x000001d7799c6000
}

Java Threads: ( => current thread )
=>0x000001d769368000 JavaThread "main" [_thread_in_native, id=11716, stack(0x0000005c77500000,0x0000005c77600000)]
  0x000001d778ec2000 JavaThread "Reference Handler" daemon [_thread_blocked, id=13516, stack(0x0000005c77c00000,0x0000005c77d00000)]
  0x000001d778eed800 JavaThread "Finalizer" daemon [_thread_blocked, id=2576, stack(0x0000005c77d00000,0x0000005c77e00000)]
  0x000001d778efd000 JavaThread "Signal Dispatcher" daemon [_thread_blocked, id=7452, stack(0x0000005c77e00000,0x0000005c77f00000)]
  0x000001d778efe000 JavaThread "Attach Listener" daemon [_thread_blocked, id=2104, stack(0x0000005c77f00000,0x0000005c78000000)]
  0x000001d778f0b000 JavaThread "C2 CompilerThread0" daemon [_thread_blocked, id=1872, stack(0x0000005c78000000,0x0000005c78100000)]
  0x000001d778f14000 JavaThread "C1 CompilerThread0" daemon [_thread_blocked, id=8024, stack(0x0000005c78100000,0x0000005c78200000)]
  0x000001d778f1e000 JavaThread "Sweeper thread" daemon [_thread_blocked, id=14664, stack(0x0000005c78200000,0x0000005c78300000)]
  0x000001d7799ba800 JavaThread "Service Thread" daemon [_thread_blocked, id=4308, stack(0x0000005c78300000,0x0000005c78400000)]
  0x000001d7799c6000 JavaThread "Common-Cleaner" daemon [_thread_blocked, id=4840, stack(0x0000005c78500000,0x0000005c78600000)]

Other Threads:
  0x000001d778ec0000 VMThread "VM Thread" [stack: 0x0000005c77b00000,0x0000005c77c00000] [id=13892]
  0x000001d7799be000 WatcherThread [stack: 0x0000005c78400000,0x0000005c78500000] [id=13628]
  0x000001d76937f000 GCTaskThread "GC Thread#0" [stack: 0x0000005c77600000,0x0000005c77700000] [id=6864]
  0x000001d7693b1000 ConcurrentGCThread "G1 Main Marker" [stack: 0x0000005c77700000,0x0000005c77800000] [id=14960]
  0x000001d7693b6800 ConcurrentGCThread "G1 Conc#0" [stack: 0x0000005c77800000,0x0000005c77900000] [id=4712]
  0x000001d778d31800 ConcurrentGCThread "G1 Refine#0" [stack: 0x0000005c77900000,0x0000005c77a00000] [id=6028]
  0x000001d769438000 ConcurrentGCThread "G1 Young RemSet Sampling" [stack: 0x0000005c77a00000,0x0000005c77b00000] [id=12640]

Threads with active compile tasks:

VM state:not at safepoint (normal execution)

VM Mutex/Monitor currently owned by a thread: None

Heap address: 0x0000000080c00000, size: 2036 MB, Compressed Oops mode: 32-bit
Narrow klass base: 0x0000000000000000, Narrow klass shift: 3
Compressed class space size: 1073741824 Address: 0x0000000100000000

Heap:
 garbage-first heap   total 131072K, used 8192K [0x0000000080c00000, 0x0000000100000000)
  region size 1024K, 9 young (9216K), 0 survivors (0K)
 Metaspace       used 9397K, capacity 9571K, committed 9728K, reserved 1058816K
  class space    used 926K, capacity 1002K, committed 1024K, reserved 1048576K
Heap Regions: E=young(eden), S=young(survivor), O=old, HS=humongous(starts), HC=humongous(continues), CS=collection set, F=free, A=archive, TAMS=top-at-mark-start (previous, next)
|   0|0x0000000080c00000, 0x0000000080c00000, 0x0000000080d00000|  0%| F|  |TAMS 0x0000000080c00000, 0x0000000080c00000| Untracked 
|   1|0x0000000080d00000, 0x0000000080d00000, 0x0000000080e00000|  0%| F|  |TAMS 0x0000000080d00000, 0x0000000080d00000| Untracked 
|   2|0x0000000080e00000, 0x0000000080e00000, 0x0000000080f00000|  0%| F|  |TAMS 0x0000000080e00000, 0x0000000080e00000| Untracked 
|   3|0x0000000080f00000, 0x0000000080f00000, 0x0000000081000000|  0%| F|  |TAMS 0x0000000080f00000, 0x0000000080f00000| Untracked 
|   4|0x0000000081000000, 0x0000000081000000, 0x0000000081100000|  0%| F|  |TAMS 0x0000000081000000, 0x0000000081000000| Untracked 
|   5|0x0000000081100000, 0x0000000081100000, 0x0000000081200000|  0%| F|  |TAMS 0x0000000081100000, 0x0000000081100000| Untracked 
|   6|0x0000000081200000, 0x0000000081200000, 0x0000000081300000|  0%| F|  |TAMS 0x0000000081200000, 0x0000000081200000| Untracked 
|   7|0x0000000081300000, 0x0000000081300000, 0x0000000081400000|  0%| F|  |TAMS 0x0000000081300000, 0x0000000081300000| Untracked 
|   8|0x0000000081400000, 0x0000000081400000, 0x0000000081500000|  0%| F|  |TAMS 0x0000000081400000, 0x0000000081400000| Untracked 
|   9|0x0000000081500000, 0x0000000081500000, 0x0000000081600000|  0%| F|  |TAMS 0x0000000081500000, 0x0000000081500000| Untracked 
|  10|0x0000000081600000, 0x0000000081600000, 0x0000000081700000|  0%| F|  |TAMS 0x0000000081600000, 0x0000000081600000| Untracked 
|  11|0x0000000081700000, 0x0000000081700000, 0x0000000081800000|  0%| F|  |TAMS 0x0000000081700000, 0x0000000081700000| Untracked 
|  12|0x0000000081800000, 0x0000000081800000, 0x0000000081900000|  0%| F|  |TAMS 0x0000000081800000, 0x0000000081800000| Untracked 
|  13|0x0000000081900000, 0x0000000081900000, 0x0000000081a00000|  0%| F|  |TAMS 0x0000000081900000, 0x0000000081900000| Untracked 
|  14|0x0000000081a00000, 0x0000000081a00000, 0x0000000081b00000|  0%| F|  |TAMS 0x0000000081a00000, 0x0000000081a00000| Untracked 
|  15|0x0000000081b00000, 0x0000000081b00000, 0x0000000081c00000|  0%| F|  |TAMS 0x0000000081b00000, 0x0000000081b00000| Untracked 
|  16|0x0000000081c00000, 0x0000000081c00000, 0x0000000081d00000|  0%| F|  |TAMS 0x0000000081c00000, 0x0000000081c00000| Untracked 
|  17|0x0000000081d00000, 0x0000000081d00000, 0x0000000081e00000|  0%| F|  |TAMS 0x0000000081d00000, 0x0000000081d00000| Untracked 
|  18|0x0000000081e00000, 0x0000000081e00000, 0x0000000081f00000|  0%| F|  |TAMS 0x0000000081e00000, 0x0000000081e00000| Untracked 
|  19|0x0000000081f00000, 0x0000000081f00000, 0x0000000082000000|  0%| F|  |TAMS 0x0000000081f00000, 0x0000000081f00000| Untracked 
|  20|0x0000000082000000, 0x0000000082000000, 0x0000000082100000|  0%| F|  |TAMS 0x0000000082000000, 0x0000000082000000| Untracked 
|  21|0x0000000082100000, 0x0000000082100000, 0x0000000082200000|  0%| F|  |TAMS 0x0000000082100000, 0x0000000082100000| Untracked 
|  22|0x0000000082200000, 0x0000000082200000, 0x0000000082300000|  0%| F|  |TAMS 0x0000000082200000, 0x0000000082200000| Untracked 
|  23|0x0000000082300000, 0x0000000082300000, 0x0000000082400000|  0%| F|  |TAMS 0x0000000082300000, 0x0000000082300000| Untracked 
|  24|0x0000000082400000, 0x0000000082400000, 0x0000000082500000|  0%| F|  |TAMS 0x0000000082400000, 0x0000000082400000| Untracked 
|  25|0x0000000082500000, 0x0000000082500000, 0x0000000082600000|  0%| F|  |TAMS 0x0000000082500000, 0x0000000082500000| Untracked 
|  26|0x0000000082600000, 0x0000000082600000, 0x0000000082700000|  0%| F|  |TAMS 0x0000000082600000, 0x0000000082600000| Untracked 
|  27|0x0000000082700000, 0x0000000082700000, 0x0000000082800000|  0%| F|  |TAMS 0x0000000082700000, 0x0000000082700000| Untracked 
|  28|0x0000000082800000, 0x0000000082800000, 0x0000000082900000|  0%| F|  |TAMS 0x0000000082800000, 0x0000000082800000| Untracked 
|  29|0x0000000082900000, 0x0000000082900000, 0x0000000082a00000|  0%| F|  |TAMS 0x0000000082900000, 0x0000000082900000| Untracked 
|  30|0x0000000082a00000, 0x0000000082a00000, 0x0000000082b00000|  0%| F|  |TAMS 0x0000000082a00000, 0x0000000082a00000| Untracked 
|  31|0x0000000082b00000, 0x0000000082b00000, 0x0000000082c00000|  0%| F|  |TAMS 0x0000000082b00000, 0x0000000082b00000| Untracked 
|  32|0x0000000082c00000, 0x0000000082c00000, 0x0000000082d00000|  0%| F|  |TAMS 0x0000000082c00000, 0x0000000082c00000| Untracked 
|  33|0x0000000082d00000, 0x0000000082d00000, 0x0000000082e00000|  0%| F|  |TAMS 0x0000000082d00000, 0x0000000082d00000| Untracked 
|  34|0x0000000082e00000, 0x0000000082e00000, 0x0000000082f00000|  0%| F|  |TAMS 0x0000000082e00000, 0x0000000082e00000| Untracked 
|  35|0x0000000082f00000, 0x0000000082f00000, 0x0000000083000000|  0%| F|  |TAMS 0x0000000082f00000, 0x0000000082f00000| Untracked 
|  36|0x0000000083000000, 0x0000000083000000, 0x0000000083100000|  0%| F|  |TAMS 0x0000000083000000, 0x0000000083000000| Untracked 
|  37|0x0000000083100000, 0x0000000083100000, 0x0000000083200000|  0%| F|  |TAMS 0x0000000083100000, 0x0000000083100000| Untracked 
|  38|0x0000000083200000, 0x0000000083200000, 0x0000000083300000|  0%| F|  |TAMS 0x0000000083200000, 0x0000000083200000| Untracked 
|  39|0x0000000083300000, 0x0000000083300000, 0x0000000083400000|  0%| F|  |TAMS 0x0000000083300000, 0x0000000083300000| Untracked 
|  40|0x0000000083400000, 0x0000000083400000, 0x0000000083500000|  0%| F|  |TAMS 0x0000000083400000, 0x0000000083400000| Untracked 
|  41|0x0000000083500000, 0x0000000083500000, 0x0000000083600000|  0%| F|  |TAMS 0x0000000083500000, 0x0000000083500000| Untracked 
|  42|0x0000000083600000, 0x0000000083600000, 0x0000000083700000|  0%| F|  |TAMS 0x0000000083600000, 0x0000000083600000| Untracked 
|  43|0x0000000083700000, 0x0000000083700000, 0x0000000083800000|  0%| F|  |TAMS 0x0000000083700000, 0x0000000083700000| Untracked 
|  44|0x0000000083800000, 0x0000000083800000, 0x0000000083900000|  0%| F|  |TAMS 0x0000000083800000, 0x0000000083800000| Untracked 
|  45|0x0000000083900000, 0x0000000083900000, 0x0000000083a00000|  0%| F|  |TAMS 0x0000000083900000, 0x0000000083900000| Untracked 
|  46|0x0000000083a00000, 0x0000000083a00000, 0x0000000083b00000|  0%| F|  |TAMS 0x0000000083a00000, 0x0000000083a00000| Untracked 
|  47|0x0000000083b00000, 0x0000000083b00000, 0x0000000083c00000|  0%| F|  |TAMS 0x0000000083b00000, 0x0000000083b00000| Untracked 
|  48|0x0000000083c00000, 0x0000000083c00000, 0x0000000083d00000|  0%| F|  |TAMS 0x0000000083c00000, 0x0000000083c00000| Untracked 
|  49|0x0000000083d00000, 0x0000000083d00000, 0x0000000083e00000|  0%| F|  |TAMS 0x0000000083d00000, 0x0000000083d00000| Untracked 
|  50|0x0000000083e00000, 0x0000000083e00000, 0x0000000083f00000|  0%| F|  |TAMS 0x0000000083e00000, 0x0000000083e00000| Untracked 
|  51|0x0000000083f00000, 0x0000000083f00000, 0x0000000084000000|  0%| F|  |TAMS 0x0000000083f00000, 0x0000000083f00000| Untracked 
|  52|0x0000000084000000, 0x0000000084000000, 0x0000000084100000|  0%| F|  |TAMS 0x0000000084000000, 0x0000000084000000| Untracked 
|  53|0x0000000084100000, 0x0000000084100000, 0x0000000084200000|  0%| F|  |TAMS 0x0000000084100000, 0x0000000084100000| Untracked 
|  54|0x0000000084200000, 0x0000000084200000, 0x0000000084300000|  0%| F|  |TAMS 0x0000000084200000, 0x0000000084200000| Untracked 
|  55|0x0000000084300000, 0x0000000084300000, 0x0000000084400000|  0%| F|  |TAMS 0x0000000084300000, 0x0000000084300000| Untracked 
|  56|0x0000000084400000, 0x0000000084400000, 0x0000000084500000|  0%| F|  |TAMS 0x0000000084400000, 0x0000000084400000| Untracked 
|  57|0x0000000084500000, 0x0000000084500000, 0x0000000084600000|  0%| F|  |TAMS 0x0000000084500000, 0x0000000084500000| Untracked 
|  58|0x0000000084600000, 0x0000000084600000, 0x0000000084700000|  0%| F|  |TAMS 0x0000000084600000, 0x0000000084600000| Untracked 
|  59|0x0000000084700000, 0x0000000084700000, 0x0000000084800000|  0%| F|  |TAMS 0x0000000084700000, 0x0000000084700000| Untracked 
|  60|0x0000000084800000, 0x0000000084800000, 0x0000000084900000|  0%| F|  |TAMS 0x0000000084800000, 0x0000000084800000| Untracked 
|  61|0x0000000084900000, 0x0000000084900000, 0x0000000084a00000|  0%| F|  |TAMS 0x0000000084900000, 0x0000000084900000| Untracked 
|  62|0x0000000084a00000, 0x0000000084a00000, 0x0000000084b00000|  0%| F|  |TAMS 0x0000000084a00000, 0x0000000084a00000| Untracked 
|  63|0x0000000084b00000, 0x0000000084b00000, 0x0000000084c00000|  0%| F|  |TAMS 0x0000000084b00000, 0x0000000084b00000| Untracked 
|  64|0x0000000084c00000, 0x0000000084c00000, 0x0000000084d00000|  0%| F|  |TAMS 0x0000000084c00000, 0x0000000084c00000| Untracked 
|  65|0x0000000084d00000, 0x0000000084d00000, 0x0000000084e00000|  0%| F|  |TAMS 0x0000000084d00000, 0x0000000084d00000| Untracked 
|  66|0x0000000084e00000, 0x0000000084e00000, 0x0000000084f00000|  0%| F|  |TAMS 0x0000000084e00000, 0x0000000084e00000| Untracked 
|  67|0x0000000084f00000, 0x0000000084f00000, 0x0000000085000000|  0%| F|  |TAMS 0x0000000084f00000, 0x0000000084f00000| Untracked 
|  68|0x0000000085000000, 0x0000000085000000, 0x0000000085100000|  0%| F|  |TAMS 0x0000000085000000, 0x0000000085000000| Untracked 
|  69|0x0000000085100000, 0x0000000085100000, 0x0000000085200000|  0%| F|  |TAMS 0x0000000085100000, 0x0000000085100000| Untracked 
|  70|0x0000000085200000, 0x0000000085200000, 0x0000000085300000|  0%| F|  |TAMS 0x0000000085200000, 0x0000000085200000| Untracked 
|  71|0x0000000085300000, 0x0000000085300000, 0x0000000085400000|  0%| F|  |TAMS 0x0000000085300000, 0x0000000085300000| Untracked 
|  72|0x0000000085400000, 0x0000000085400000, 0x0000000085500000|  0%| F|  |TAMS 0x0000000085400000, 0x0000000085400000| Untracked 
|  73|0x0000000085500000, 0x0000000085500000, 0x0000000085600000|  0%| F|  |TAMS 0x0000000085500000, 0x0000000085500000| Untracked 
|  74|0x0000000085600000, 0x0000000085600000, 0x0000000085700000|  0%| F|  |TAMS 0x0000000085600000, 0x0000000085600000| Untracked 
|  75|0x0000000085700000, 0x0000000085700000, 0x0000000085800000|  0%| F|  |TAMS 0x0000000085700000, 0x0000000085700000| Untracked 
|  76|0x0000000085800000, 0x0000000085800000, 0x0000000085900000|  0%| F|  |TAMS 0x0000000085800000, 0x0000000085800000| Untracked 
|  77|0x0000000085900000, 0x0000000085900000, 0x0000000085a00000|  0%| F|  |TAMS 0x0000000085900000, 0x0000000085900000| Untracked 
|  78|0x0000000085a00000, 0x0000000085a00000, 0x0000000085b00000|  0%| F|  |TAMS 0x0000000085a00000, 0x0000000085a00000| Untracked 
|  79|0x0000000085b00000, 0x0000000085b00000, 0x0000000085c00000|  0%| F|  |TAMS 0x0000000085b00000, 0x0000000085b00000| Untracked 
|  80|0x0000000085c00000, 0x0000000085c00000, 0x0000000085d00000|  0%| F|  |TAMS 0x0000000085c00000, 0x0000000085c00000| Untracked 
|  81|0x0000000085d00000, 0x0000000085d00000, 0x0000000085e00000|  0%| F|  |TAMS 0x0000000085d00000, 0x0000000085d00000| Untracked 
|  82|0x0000000085e00000, 0x0000000085e00000, 0x0000000085f00000|  0%| F|  |TAMS 0x0000000085e00000, 0x0000000085e00000| Untracked 
|  83|0x0000000085f00000, 0x0000000085f00000, 0x0000000086000000|  0%| F|  |TAMS 0x0000000085f00000, 0x0000000085f00000| Untracked 
|  84|0x0000000086000000, 0x0000000086000000, 0x0000000086100000|  0%| F|  |TAMS 0x0000000086000000, 0x0000000086000000| Untracked 
|  85|0x0000000086100000, 0x0000000086100000, 0x0000000086200000|  0%| F|  |TAMS 0x0000000086100000, 0x0000000086100000| Untracked 
|  86|0x0000000086200000, 0x0000000086200000, 0x0000000086300000|  0%| F|  |TAMS 0x0000000086200000, 0x0000000086200000| Untracked 
|  87|0x0000000086300000, 0x0000000086300000, 0x0000000086400000|  0%| F|  |TAMS 0x0000000086300000, 0x0000000086300000| Untracked 
|  88|0x0000000086400000, 0x0000000086400000, 0x0000000086500000|  0%| F|  |TAMS 0x0000000086400000, 0x0000000086400000| Untracked 
|  89|0x0000000086500000, 0x0000000086500000, 0x0000000086600000|  0%| F|  |TAMS 0x0000000086500000, 0x0000000086500000| Untracked 
|  90|0x0000000086600000, 0x0000000086600000, 0x0000000086700000|  0%| F|  |TAMS 0x0000000086600000, 0x0000000086600000| Untracked 
|  91|0x0000000086700000, 0x0000000086700000, 0x0000000086800000|  0%| F|  |TAMS 0x0000000086700000, 0x0000000086700000| Untracked 
|  92|0x0000000086800000, 0x0000000086800000, 0x0000000086900000|  0%| F|  |TAMS 0x0000000086800000, 0x0000000086800000| Untracked 
|  93|0x0000000086900000, 0x0000000086900000, 0x0000000086a00000|  0%| F|  |TAMS 0x0000000086900000, 0x0000000086900000| Untracked 
|  94|0x0000000086a00000, 0x0000000086a00000, 0x0000000086b00000|  0%| F|  |TAMS 0x0000000086a00000, 0x0000000086a00000| Untracked 
|  95|0x0000000086b00000, 0x0000000086b00000, 0x0000000086c00000|  0%| F|  |TAMS 0x0000000086b00000, 0x0000000086b00000| Untracked 
|  96|0x0000000086c00000, 0x0000000086c00000, 0x0000000086d00000|  0%| F|  |TAMS 0x0000000086c00000, 0x0000000086c00000| Untracked 
|  97|0x0000000086d00000, 0x0000000086d00000, 0x0000000086e00000|  0%| F|  |TAMS 0x0000000086d00000, 0x0000000086d00000| Untracked 
|  98|0x0000000086e00000, 0x0000000086e00000, 0x0000000086f00000|  0%| F|  |TAMS 0x0000000086e00000, 0x0000000086e00000| Untracked 
|  99|0x0000000086f00000, 0x0000000086f00000, 0x0000000087000000|  0%| F|  |TAMS 0x0000000086f00000, 0x0000000086f00000| Untracked 
| 100|0x0000000087000000, 0x0000000087000000, 0x0000000087100000|  0%| F|  |TAMS 0x0000000087000000, 0x0000000087000000| Untracked 
| 101|0x0000000087100000, 0x0000000087100000, 0x0000000087200000|  0%| F|  |TAMS 0x0000000087100000, 0x0000000087100000| Untracked 
| 102|0x0000000087200000, 0x0000000087200000, 0x0000000087300000|  0%| F|  |TAMS 0x0000000087200000, 0x0000000087200000| Untracked 
| 103|0x0000000087300000, 0x0000000087300000, 0x0000000087400000|  0%| F|  |TAMS 0x0000000087300000, 0x0000000087300000| Untracked 
| 104|0x0000000087400000, 0x0000000087400000, 0x0000000087500000|  0%| F|  |TAMS 0x0000000087400000, 0x0000000087400000| Untracked 
| 105|0x0000000087500000, 0x0000000087500000, 0x0000000087600000|  0%| F|  |TAMS 0x0000000087500000, 0x0000000087500000| Untracked 
| 106|0x0000000087600000, 0x0000000087600000, 0x0000000087700000|  0%| F|  |TAMS 0x0000000087600000, 0x0000000087600000| Untracked 
| 107|0x0000000087700000, 0x0000000087700000, 0x0000000087800000|  0%| F|  |TAMS 0x0000000087700000, 0x0000000087700000| Untracked 
| 108|0x0000000087800000, 0x0000000087800000, 0x0000000087900000|  0%| F|  |TAMS 0x0000000087800000, 0x0000000087800000| Untracked 
| 109|0x0000000087900000, 0x0000000087900000, 0x0000000087a00000|  0%| F|  |TAMS 0x0000000087900000, 0x0000000087900000| Untracked 
| 110|0x0000000087a00000, 0x0000000087a00000, 0x0000000087b00000|  0%| F|  |TAMS 0x0000000087a00000, 0x0000000087a00000| Untracked 
| 111|0x0000000087b00000, 0x0000000087b00000, 0x0000000087c00000|  0%| F|  |TAMS 0x0000000087b00000, 0x0000000087b00000| Untracked 
| 112|0x0000000087c00000, 0x0000000087c00000, 0x0000000087d00000|  0%| F|  |TAMS 0x0000000087c00000, 0x0000000087c00000| Untracked 
| 113|0x0000000087d00000, 0x0000000087d00000, 0x0000000087e00000|  0%| F|  |TAMS 0x0000000087d00000, 0x0000000087d00000| Untracked 
| 114|0x0000000087e00000, 0x0000000087e00000, 0x0000000087f00000|  0%| F|  |TAMS 0x0000000087e00000, 0x0000000087e00000| Untracked 
| 115|0x0000000087f00000, 0x0000000087f00000, 0x0000000088000000|  0%| F|  |TAMS 0x0000000087f00000, 0x0000000087f00000| Untracked 
| 116|0x0000000088000000, 0x0000000088000000, 0x0000000088100000|  0%| F|  |TAMS 0x0000000088000000, 0x0000000088000000| Untracked 
| 117|0x0000000088100000, 0x0000000088100000, 0x0000000088200000|  0%| F|  |TAMS 0x0000000088100000, 0x0000000088100000| Untracked 
| 118|0x0000000088200000, 0x0000000088200000, 0x0000000088300000|  0%| F|  |TAMS 0x0000000088200000, 0x0000000088200000| Untracked 
| 119|0x0000000088300000, 0x00000000883482f0, 0x0000000088400000| 28%| E|  |TAMS 0x0000000088300000, 0x0000000088300000| Complete 
| 120|0x0000000088400000, 0x0000000088500000, 0x0000000088500000|100%| E|CS|TAMS 0x0000000088400000, 0x0000000088400000| Complete 
| 121|0x0000000088500000, 0x0000000088600000, 0x0000000088600000|100%| E|CS|TAMS 0x0000000088500000, 0x0000000088500000| Complete 
| 122|0x0000000088600000, 0x0000000088700000, 0x0000000088700000|100%| E|CS|TAMS 0x0000000088600000, 0x0000000088600000| Complete 
| 123|0x0000000088700000, 0x0000000088800000, 0x0000000088800000|100%| E|CS|TAMS 0x0000000088700000, 0x0000000088700000| Complete 
| 124|0x0000000088800000, 0x0000000088900000, 0x0000000088900000|100%| E|CS|TAMS 0x0000000088800000, 0x0000000088800000| Complete 
| 125|0x0000000088900000, 0x0000000088a00000, 0x0000000088a00000|100%| E|CS|TAMS 0x0000000088900000, 0x0000000088900000| Complete 
| 126|0x0000000088a00000, 0x0000000088b00000, 0x0000000088b00000|100%| E|CS|TAMS 0x0000000088a00000, 0x0000000088a00000| Complete 
| 127|0x0000000088b00000, 0x0000000088c00000, 0x0000000088c00000|100%| E|CS|TAMS 0x0000000088b00000, 0x0000000088b00000| Complete 

Card table byte_map: [0x000001d7720f0000,0x000001d7724f0000] _byte_map_base: 0x000001d771cea000

Marking Bits (Prev, Next): (CMBitMap*) 0x000001d7693a83d8, (CMBitMap*) 0x000001d7693a8410
 Prev Bits: [0x000001d7728f0000, 0x000001d7748c0000)
 Next Bits: [0x000001d7748c0000, 0x000001d776890000)

Polling page: 0x000001d769440000

Metaspace:

Usage:
  Non-class:      8.37 MB capacity,     8.27 MB ( 99%) used,    88.56 KB (  1%) free+waste,    10.31 KB ( <1%) overhead. 
      Class:   1002.00 KB capacity,   926.88 KB ( 93%) used,    69.87 KB (  7%) free+waste,     5.25 KB ( <1%) overhead. 
       Both:      9.35 MB capacity,     9.18 MB ( 98%) used,   158.43 KB (  2%) free+waste,    15.56 KB ( <1%) overhead. 

Virtual space:
  Non-class space:       10.00 MB reserved,       8.50 MB ( 85%) committed 
      Class space:        1.00 GB reserved,       1.00 MB ( <1%) committed 
             Both:        1.01 GB reserved,       9.50 MB ( <1%) committed 

Chunk freelists:
   Non-Class:  8.88 KB
       Class:  2.75 KB
        Both:  11.63 KB

CodeHeap 'non-profiled nmethods': size=120064Kb used=194Kb max_used=194Kb free=119869Kb
 bounds [0x000001d707ac0000, 0x000001d707d30000, 0x000001d70f000000]
CodeHeap 'profiled nmethods': size=120000Kb used=1057Kb max_used=1057Kb free=118942Kb
 bounds [0x000001d700590000, 0x000001d700800000, 0x000001d707ac0000]
CodeHeap 'non-nmethods': size=5696Kb used=1074Kb max_used=1088Kb free=4621Kb
 bounds [0x000001d700000000, 0x000001d700270000, 0x000001d700590000]
 total_blobs=1161 nmethods=643 adapters=285
 compilation: enabled
              stopped_count=0, restarted_count=0
 full_count=0

Compilation events (10 events):
Event: 0.817 Thread 0x000001d778f14000 nmethod 640 0x000001d707aee710 code [0x000001d707aee8c0, 0x000001d707aee9d8]
Event: 0.817 Thread 0x000001d778f14000  637       1       java.util.jar.Manifest::getEntries (5 bytes)
Event: 0.817 Thread 0x000001d778f14000 nmethod 637 0x000001d707aeea90 code [0x000001d707aeec40, 0x000001d707aeed58]
Event: 0.817 Thread 0x000001d778f14000  638       1       java.util.jar.Manifest::getMainAttributes (5 bytes)
Event: 0.817 Thread 0x000001d778f14000 nmethod 638 0x000001d707aeee10 code [0x000001d707aeefc0, 0x000001d707aef0d8]
Event: 0.817 Thread 0x000001d778f14000  642       1       java.lang.reflect.Method::getReturnType (5 bytes)
Event: 0.817 Thread 0x000001d778f14000 nmethod 642 0x000001d707aef190 code [0x000001d707aef340, 0x000001d707aef458]
Event: 0.817 Thread 0x000001d778f14000  643       1       java.lang.StringCoding$StringDecoder::requestedCharsetName (5 bytes)
Event: 0.817 Thread 0x000001d778f14000 nmethod 643 0x000001d707aef510 code [0x000001d707aef6c0, 0x000001d707aef7d8]
Event: 0.818 Thread 0x000001d778f0b000 nmethod 639 0x000001d707aef890 code [0x000001d707aefa60, 0x000001d707af0408]

GC Heap History (0 events):
No events

Deoptimization events (4 events):
Event: 0.140 Thread 0x000001d769368000 Uncommon trap: reason=unstable_if action=reinterpret pc=0x000001d707ac1510 method=java.lang.String.isLatin1()Z @ 10 c2
Event: 0.141 Thread 0x000001d769368000 Uncommon trap: reason=unstable_if action=reinterpret pc=0x000001d707ac49f0 method=java.lang.String.hashCode()I @ 14 c2
Event: 0.494 Thread 0x000001d769368000 Uncommon trap: reason=unstable_if action=reinterpret pc=0x000001d707ad7440 method=java.util.zip.ZipFile$Source.isMetaName([BII)Z @ 43 c2
Event: 0.540 Thread 0x000001d769368000 Uncommon trap: reason=unstable_if action=reinterpret pc=0x000001d707ad8d00 method=java.io.WinNTFileSystem.isSlash(C)Z @ 9 c2

Classes redefined (0 events):
No events

Internal exceptions (10 events):
Event: 0.180 Thread 0x000001d769368000 Exception <a 'java/lang/NoSuchMethodError'{0x0000000088a5ee48}: java.lang.invoke.DirectMethodHandle$Holder.invokeStaticInit(Ljava/lang/Object;Ljava/lang/Object;JLjava/lang/Object;)Ljava/lang/Object;> (0x0000000088a5ee48) thrown at [t:/workspace/open/src/h
Event: 0.181 Thread 0x000001d769368000 Exception <a 'java/lang/NoSuchMethodError'{0x0000000088a64ab8}: java.lang.invoke.DirectMethodHandle$Holder.invokeStatic(Ljava/lang/Object;Ljava/lang/Object;J)Ljava/lang/Object;> (0x0000000088a64ab8) thrown at [t:/workspace/open/src/hotspot/share/interpret
Event: 0.182 Thread 0x000001d769368000 Exception <a 'java/lang/NoSuchMethodError'{0x0000000088a6aae0}: java.lang.invoke.Invokers$Holder.linkToTargetMethod(Ljava/lang/Object;JLjava/lang/Object;)Ljava/lang/Object;> (0x0000000088a6aae0) thrown at [t:/workspace/open/src/hotspot/share/interpreter/l
Event: 0.571 Thread 0x000001d769368000 Exception <a 'java/lang/NoSuchMethodError'{0x00000000887c2670}: java.lang.invoke.DirectMethodHandle$Holder.invokeStaticInit(Ljava/lang/Object;IIII)Ljava/lang/Object;> (0x00000000887c2670) thrown at [t:/workspace/open/src/hotspot/share/interpreter/linkReso
Event: 0.693 Thread 0x000001d769368000 Exception <a 'java/lang/NoSuchMethodError'{0x00000000886522c0}: java.lang.invoke.DirectMethodHandle$Holder.invokeStaticInit(Ljava/lang/Object;Ljava/lang/Object;IIII)Ljava/lang/Object;> (0x00000000886522c0) thrown at [t:/workspace/open/src/hotspot/share/in
Event: 0.724 Thread 0x000001d769368000 Exception <a 'java/lang/NoSuchMethodError'{0x00000000886e05b8}: java.lang.invoke.DirectMethodHandle$Holder.invokeStaticInit(Ljava/lang/Object;Ljava/lang/Object;Ljava/lang/Object;Ljava/lang/Object;)I> (0x00000000886e05b8) thrown at [t:/workspace/open/src/h
Event: 0.726 Thread 0x000001d769368000 Exception <a 'java/lang/IncompatibleClassChangeError'{0x00000000886ea7e0}: Found class java.lang.Object, but interface was expected> (0x00000000886ea7e0) thrown at [t:/workspace/open/src/hotspot/share/interpreter/linkResolver.cpp, line 838]
Event: 0.727 Thread 0x000001d769368000 Exception <a 'java/lang/NoSuchMethodError'{0x00000000886ed7e8}: java.lang.invoke.DirectMethodHandle$Holder.invokeStaticInit(Ljava/lang/Object;Ljava/lang/Object;)V> (0x00000000886ed7e8) thrown at [t:/workspace/open/src/hotspot/share/interpreter/linkResolve
Event: 0.728 Thread 0x000001d769368000 Exception <a 'java/lang/NoSuchMethodError'{0x00000000886f31f8}: java.lang.invoke.DirectMethodHandle$Holder.invokeStaticInit(Ljava/lang/Object;Ljava/lang/Object;)I> (0x00000000886f31f8) thrown at [t:/workspace/open/src/hotspot/share/interpreter/linkResolve
Event: 0.810 Thread 0x000001d769368000 Exception <a 'java/lang/IllegalArgumentException'{0x00000000883426c0}: Invalid calling convention 63> (0x00000000883426c0) thrown at [t:/workspace/open/src/hotspot/share/prims/jni.cpp, line 636]

Events (10 events):
Event: 0.807 loading class com/sun/jna/VarArgsChecker$NoVarArgsChecker
Event: 0.807 loading class com/sun/jna/VarArgsChecker$NoVarArgsChecker done
Event: 0.807 loading class java/lang/reflect/TypeVariable
Event: 0.807 loading class java/lang/reflect/TypeVariable done
Event: 0.807 loading class java/lang/reflect/AnnotatedType
Event: 0.807 loading class java/lang/reflect/AnnotatedType done
Event: 0.809 loading class stocks/Main$Kernel32
Event: 0.809 loading class stocks/Main$Kernel32 done
Event: 0.809 loading class com/sun/jna/NativeLibrary$1
Event: 0.809 loading class com/sun/jna/NativeLibrary$1 done


Dynamic libraries:
0x00007ff7579b0000 - 0x00007ff7579f5000 	E:\openjdk11\jdk-11.0.2\bin\javaw.exe
0x00007ff84fb00000 - 0x00007ff84fcf0000 	C:\WINDOWS\SYSTEM32\ntdll.dll
0x00007ff84f9d0000 - 0x00007ff84fa82000 	C:\WINDOWS\System32\KERNEL32.DLL
0x00007ff84cb60000 - 0x00007ff84ce04000 	C:\WINDOWS\System32\KERNELBASE.dll
0x00007ff84ddc0000 - 0x00007ff84df54000 	C:\WINDOWS\System32\USER32.dll
0x00007ff84cfe0000 - 0x00007ff84d001000 	C:\WINDOWS\System32\win32u.dll
0x00007ff84fa90000 - 0x00007ff84fab6000 	C:\WINDOWS\System32\GDI32.dll
0x00007ff84d9f0000 - 0x00007ff84db86000 	C:\WINDOWS\System32\gdi32full.dll
0x00007ff84ce40000 - 0x00007ff84cede000 	C:\WINDOWS\System32\msvcp_win.dll
0x00007ff84cee0000 - 0x00007ff84cfda000 	C:\WINDOWS\System32\ucrtbase.dll
0x00007ff840ec0000 - 0x00007ff841144000 	C:\WINDOWS\WinSxS\amd64_microsoft.windows.common-controls_6595b64144ccf1df_6.0.18362.959_none_e6c7bbbf130c62bb\COMCTL32.dll
0x00007ff84f5c0000 - 0x00007ff84f65e000 	C:\WINDOWS\System32\msvcrt.dll
0x00007ff84eb10000 - 0x00007ff84ee45000 	C:\WINDOWS\System32\combase.dll
0x00007ff84e600000 - 0x00007ff84e720000 	C:\WINDOWS\System32\RPCRT4.dll
0x00007ff84cae0000 - 0x00007ff84cb60000 	C:\WINDOWS\System32\bcryptPrimitives.dll
0x00007ff84dd90000 - 0x00007ff84ddbe000 	C:\WINDOWS\System32\IMM32.DLL
0x00007ff843d60000 - 0x00007ff843d76000 	E:\openjdk11\jdk-11.0.2\bin\vcruntime140.dll
0x00007ff843780000 - 0x00007ff84382a000 	E:\openjdk11\jdk-11.0.2\bin\msvcp140.dll
0x00007ff813620000 - 0x00007ff814143000 	E:\openjdk11\jdk-11.0.2\bin\server\jvm.dll
0x00007ff84f710000 - 0x00007ff84f7b3000 	C:\WINDOWS\System32\ADVAPI32.dll
0x00007ff84ea70000 - 0x00007ff84eb07000 	C:\WINDOWS\System32\sechost.dll
0x00007ff84e8b0000 - 0x00007ff84e8b8000 	C:\WINDOWS\System32\PSAPI.DLL
0x00007ff834560000 - 0x00007ff834569000 	C:\WINDOWS\SYSTEM32\WSOCK32.dll
0x00007ff84f7c0000 - 0x00007ff84f82f000 	C:\WINDOWS\System32\WS2_32.dll
0x00007ff84a720000 - 0x00007ff84a744000 	C:\WINDOWS\SYSTEM32\WINMM.dll
0x00007ff847250000 - 0x00007ff84725a000 	C:\WINDOWS\SYSTEM32\VERSION.dll
0x00007ff84a6e0000 - 0x00007ff84a70d000 	C:\WINDOWS\SYSTEM32\WINMMBASE.dll
0x00007ff84d7a0000 - 0x00007ff84d7ea000 	C:\WINDOWS\System32\cfgmgr32.dll
0x00007ff84ca60000 - 0x00007ff84ca71000 	C:\WINDOWS\System32\kernel.appcore.dll
0x00007ff843d90000 - 0x00007ff843da1000 	E:\openjdk11\jdk-11.0.2\bin\verify.dll
0x00007ff836960000 - 0x00007ff836b54000 	C:\WINDOWS\SYSTEM32\DBGHELP.DLL
0x00007ff8363c0000 - 0x00007ff8363ea000 	C:\WINDOWS\SYSTEM32\dbgcore.DLL
0x00007ff841d20000 - 0x00007ff841d48000 	E:\openjdk11\jdk-11.0.2\bin\java.dll
0x00007ff843a40000 - 0x00007ff843a56000 	E:\openjdk11\jdk-11.0.2\bin\zip.dll
0x00007ff84a8f0000 - 0x00007ff84a8fa000 	E:\openjdk11\jdk-11.0.2\bin\jimage.dll
0x00007ff84ee60000 - 0x00007ff84f546000 	C:\WINDOWS\System32\SHELL32.dll
0x00007ff84f660000 - 0x00007ff84f709000 	C:\WINDOWS\System32\shcore.dll
0x00007ff84d010000 - 0x00007ff84d792000 	C:\WINDOWS\System32\windows.storage.dll
0x00007ff84c9c0000 - 0x00007ff84c9e3000 	C:\WINDOWS\System32\profapi.dll
0x00007ff84c9f0000 - 0x00007ff84ca3a000 	C:\WINDOWS\System32\powrprof.dll
0x00007ff84c9b0000 - 0x00007ff84c9c0000 	C:\WINDOWS\System32\UMPDC.dll
0x00007ff84e720000 - 0x00007ff84e772000 	C:\WINDOWS\System32\shlwapi.dll
0x00007ff84db90000 - 0x00007ff84dba7000 	C:\WINDOWS\System32\cryptsp.dll
0x00007ff842d10000 - 0x00007ff842d29000 	E:\openjdk11\jdk-11.0.2\bin\net.dll
0x00007ff848630000 - 0x00007ff848720000 	C:\WINDOWS\SYSTEM32\WINHTTP.dll
0x00007ff83dab0000 - 0x00007ff83dc86000 	C:\WINDOWS\SYSTEM32\urlmon.dll
0x00007ff83f010000 - 0x00007ff83f2b6000 	C:\WINDOWS\SYSTEM32\iertutil.dll
0x00007ff84c3f0000 - 0x00007ff84c3fc000 	C:\WINDOWS\SYSTEM32\CRYPTBASE.DLL
0x00007ff84c220000 - 0x00007ff84c287000 	C:\WINDOWS\system32\mswsock.dll
0x00007ff841ca0000 - 0x00007ff841cb3000 	E:\openjdk11\jdk-11.0.2\bin\nio.dll
0x00007ff84bd90000 - 0x00007ff84bdc3000 	C:\WINDOWS\system32\rsaenh.dll
0x00007ff84ce10000 - 0x00007ff84ce36000 	C:\WINDOWS\System32\bcrypt.dll
0x00007ff84c8d0000 - 0x00007ff84c8f5000 	C:\WINDOWS\SYSTEM32\USERENV.dll
0x00007ff84bf30000 - 0x00007ff84bf6a000 	C:\WINDOWS\SYSTEM32\IPHLPAPI.DLL
0x00007ff84ee50000 - 0x00007ff84ee58000 	C:\WINDOWS\System32\NSI.dll
0x00007ff843440000 - 0x00007ff843456000 	C:\WINDOWS\SYSTEM32\dhcpcsvc6.DLL
0x00007ff845150000 - 0x00007ff84516c000 	C:\WINDOWS\SYSTEM32\dhcpcsvc.DLL
0x00007ff84bf70000 - 0x00007ff84c03b000 	C:\WINDOWS\SYSTEM32\DNSAPI.dll
0x00007ff82d3b0000 - 0x00007ff82d3f1000 	C:\Users\Fredde\AppData\Local\Temp\jna-2112430156\jna16616162853076227101.dll

dbghelp: loaded successfully - version: 4.0.5 - missing functions: none
symbol engine: initialized successfully - sym options: 0x614 - pdb path: .;E:\openjdk11\jdk-11.0.2\bin;C:\WINDOWS\SYSTEM32;C:\WINDOWS\WinSxS\amd64_microsoft.windows.common-controls_6595b64144ccf1df_6.0.18362.959_none_e6c7bbbf130c62bb;E:\openjdk11\jdk-11.0.2\bin\server;C:\Users\Fredde\AppData\Local\Temp\jna-2112430156

VM Arguments:
jvm_args: -Dfile.encoding=Cp1252 
java_command: stocks.Main
java_class_path (initial): E:\Program\stockProgram\target\classes;C:\Users\Fredde\.m2\repository\com\1stleg\jnativehook\2.1.0\jnativehook-2.1.0.jar;C:\Users\Fredde\.m2\repository\net\sourceforge\tess4j\tess4j\4.5.4\tess4j-4.5.4.jar;C:\Users\Fredde\.m2\repository\net\java\dev\jna\jna\5.6.0\jna-5.6.0.jar;C:\Users\Fredde\.m2\repository\com\github\jai-imageio\jai-imageio-core\1.4.0\jai-imageio-core-1.4.0.jar;C:\Users\Fredde\.m2\repository\org\ghost4j\ghost4j\1.0.1\ghost4j-1.0.1.jar;C:\Users\Fredde\.m2\repository\log4j\log4j\1.2.17\log4j-1.2.17.jar;C:\Users\Fredde\.m2\repository\commons-beanutils\commons-beanutils\1.9.2\commons-beanutils-1.9.2.jar;C:\Users\Fredde\.m2\repository\commons-collections\commons-collections\3.2.1\commons-collections-3.2.1.jar;C:\Users\Fredde\.m2\repository\org\apache\xmlgraphics\xmlgraphics-commons\1.4\xmlgraphics-commons-1.4.jar;C:\Users\Fredde\.m2\repository\com\lowagie\itext\2.1.7\itext-2.1.7.jar;C:\Users\Fredde\.m2\repository\org\apache\pdfbox\pdfbox\2.0.21\pdfbox-2.0.21.jar;C:\Users\Fredde\.m2\repository\org\apache\pdfbox\fontbox\2.0.21\fontbox-2.0.21.jar;C:\Users\Fredde\.m2\repository\commons-logging\commons-logging\1.2\commons-logging-1.2.jar;C:\Users\Fredde\.m2\repository\org\apache\pdfbox\pdfbox-tools\2.0.21\pdfbox-tools-2.0.21.jar;C:\Users\Fredde\.m2\repository\org\apache\pdfbox\pdfbox-debugger\2.0.21\pdfbox-debugger-2.0.21.jar;C:\Users\Fredde\.m2\repository\org\apache\pdfbox\jbig2-imageio\3.0.3\jbig2-imageio-3.0.3.jar;C:\Users\Fredde\.m2\repository\commons-io\commons-io\2.8.0\commons-io-2.8.0.jar;C:\Users\Fredde\.m2\repository\net\sourceforge\lept4j\lept4j\1.13.2\lept4j-1.13.2.jar;C:\Users\Fredde\.m2\repository\org\jboss\jboss-vfs\3.2.15.Final\jboss-vfs-3.2.15.Final.jar;C:\Users\Fredde\.m2\repository\org\jboss\logging\jboss-logging\3.1.4.GA\jboss-logging-3.1.4.GA.jar;C:\Users\Fredde\.m2\repository\org\slf4j\slf4j-api\1.7.30\slf4j-api-1.7.30.jar;C:\Users\Fredde\.m2\repository\net\java\dev\jna\jna-platform\5.6.0\jna-platform-5.6.0.ja
Launcher Type: SUN_STANDARD

[Global flags]
     intx CICompilerCount                          = 3                                         {product} {ergonomic}
     uint ConcGCThreads                            = 1                                         {product} {ergonomic}
     uint G1ConcRefinementThreads                  = 4                                         {product} {ergonomic}
   size_t G1HeapRegionSize                         = 1048576                                   {product} {ergonomic}
    uintx GCDrainStackTargetSize                   = 64                                        {product} {ergonomic}
   size_t InitialHeapSize                          = 134217728                                 {product} {ergonomic}
   size_t MarkStackSize                            = 4194304                                   {product} {ergonomic}
   size_t MaxHeapSize                              = 2134900736                                {product} {ergonomic}
   size_t MaxNewSize                               = 1280311296                                {product} {ergonomic}
   size_t MinHeapDeltaBytes                        = 1048576                                   {product} {ergonomic}
    uintx NonNMethodCodeHeapSize                   = 5830092                                {pd product} {ergonomic}
    uintx NonProfiledCodeHeapSize                  = 122914074                              {pd product} {ergonomic}
    uintx ProfiledCodeHeapSize                     = 122914074                              {pd product} {ergonomic}
    uintx ReservedCodeCacheSize                    = 251658240                              {pd product} {ergonomic}
     bool SegmentedCodeCache                       = true                                      {product} {ergonomic}
     bool UseCompressedClassPointers               = true                                 {lp64_product} {ergonomic}
     bool UseCompressedOops                        = true                                 {lp64_product} {ergonomic}
     bool UseG1GC                                  = true                                      {product} {ergonomic}
     bool UseLargePagesIndividualAllocation        = false                                  {pd product} {ergonomic}

Logging:
Log output configuration:
 #0: stdout all=warning uptime,level,tags
 #1: stderr all=off uptime,level,tags

Environment Variables:
JAVA_HOME=E:\openjdk11\jdk-11.0.2
PATH=E:/openjdk11/jdk-11.0.2/bin/server;E:/openjdk11/jdk-11.0.2/bin;E:\openjdk11\jdk-11.0.2\bin;C:\WINDOWS\system32;C:\WINDOWS;C:\WINDOWS\System32\Wbem;C:\WINDOWS\System32\WindowsPowerShell\v1.0\;C:\Program Files (x86)\GtkSharp\2.12\bin;C:\Program Files\PuTTY\;C:\Program Files\nodejs\;C:\WINDOWS\System32\OpenSSH\;C:\Program Files (x86)\NVIDIA Corporation\PhysX\Common;C:\Program Files (x86)\Gpg4win\..\GnuPG\bin;C:\Program Files\Microsoft VS Code\bin;C:\WINDOWS\system32;C:\WINDOWS;C:\WINDOWS\System32\Wbem;C:\WINDOWS\System32\WindowsPowerShell\v1.0\;C:\WINDOWS\System32\OpenSSH\;C:\Program Files\NVIDIA Corporation\NVIDIA NvDLISR;C:\Program Files\Git\cmd;C:\Users\Fredde\Desktop\stockProgram\lib\Tesseract-OCR;E:\openjdk11\jdk-11.0.2\bin;C:\Users\Fredde\AppData\Local\Microsoft\WindowsApps;C:\Program Files\Microsoft VS Code\bin;C:\Users\Fredde\AppData\Roaming\npm;C:\Program Files (x86)\Google\Chrome\Application\chrome.exe;;C:\Users\Fredde\Desktop\archived\eclipse;
USERNAME=Fredde
OS=Windows_NT
PROCESSOR_IDENTIFIER=Intel64 Family 6 Model 42 Stepping 7, GenuineIntel



---------------  S Y S T E M  ---------------

OS: Windows 10 , 64 bit Build 18362 (10.0.18362.959)

CPU:total 4 (initial active 4) (4 cores per cpu, 1 threads per core) family 6 model 42 stepping 7, cmov, cx8, fxsr, mmx, sse, sse2, sse3, ssse3, sse4.1, sse4.2, popcnt, avx, aes, clmul, tsc, tscinvbit

Memory: 4k page, system-wide physical 8136M (2250M free)
TotalPageFile size 13072M (AvailPageFile size 1610M)
current process WorkingSet (physical memory assigned to process): 56M, peak: 56M
current process commit charge ("private bytes"): 210M, peak: 210M

vm_info: OpenJDK 64-Bit Server VM (11.0.2+9) for windows-amd64 JRE (11.0.2+9), built on Jan 18 2019 05:23:22 by "mach5one" with MS VC++ 15.5 (VS2017)

END.
